2025-11-20 06:06:02,502 - ERROR - Error disconnecting from registry_data.db: SQLite objects created in a thread can only be used in that same thread. The object was created in thread id 21252 and this is thread id 16296.
2025-11-20 06:06:02,502 - ERROR - Error disconnecting from mft_data.db: SQLite objects created in a thread can only be used in that same thread. The object was created in thread id 21252 and this is thread id 16296.
2025-11-20 06:06:02,502 - ERROR - Error disconnecting from usn_data.db: SQLite objects created in a thread can only be used in that same thread. The object was created in thread id 21252 and this is thread id 16296.
2025-11-20 06:06:02,507 - ERROR - Error disconnecting from prefetch_data.db: SQLite objects created in a thread can only be used in that same thread. The object was created in thread id 21252 and this is thread id 16296.
2025-11-20 06:06:02,507 - ERROR - Error disconnecting from amcache_data.db: SQLite objects created in a thread can only be used in that same thread. The object was created in thread id 21252 and this is thread id 16296.
2025-11-20 06:06:02,507 - ERROR - Error disconnecting from shimcache_data.db: SQLite objects created in a thread can only be used in that same thread. The object was created in thread id 21252 and this is thread id 16296.
2025-11-20 06:06:02,507 - ERROR - Error disconnecting from lnk_data.db: SQLite objects created in a thread can only be used in that same thread. The object was created in thread id 21252 and this is thread id 16296.
2025-11-20 06:06:02,507 - ERROR - Error disconnecting from jumplist_data.db: SQLite objects created in a thread can only be used in that same thread. The object was created in thread id 21252 and this is thread id 16296.
2025-11-20 06:06:02,507 - ERROR - Error disconnecting from eventlog_data.db: SQLite objects created in a thread can only be used in that same thread. The object was created in thread id 21252 and this is thread id 16296.
2025-11-20 06:06:02,507 - ERROR - Error disconnecting from shellbags_data.db: SQLite objects created in a thread can only be used in that same thread. The object was created in thread id 21252 and this is thread id 16296.
2025-11-20 06:06:02,507 - ERROR - Error disconnecting from userassist_data.db: SQLite objects created in a thread can only be used in that same thread. The object was created in thread id 21252 and this is thread id 16296.
2025-11-20 06:06:02,507 - ERROR - Error disconnecting from muicache_data.db: SQLite objects created in a thread can only be used in that same thread. The object was created in thread id 21252 and this is thread id 16296.
2025-11-20 06:06:02,507 - ERROR - Error disconnecting from bam_dam_data.db: SQLite objects created in a thread can only be used in that same thread. The object was created in thread id 21252 and this is thread id 16296.
2025-11-20 06:06:02,507 - ERROR - Error disconnecting from recyclebin_data.db: SQLite objects created in a thread can only be used in that same thread. The object was created in thread id 21252 and this is thread id 16296.
2025-11-20 06:06:02,507 - ERROR - Error disconnecting from srum_data.db: SQLite objects created in a thread can only be used in that same thread. The object was created in thread id 21252 and this is thread id 16296.
2025-11-20 06:17:05,733 - ERROR - Error disconnecting from registry_data.db: SQLite objects created in a thread can only be used in that same thread. The object was created in thread id 1468 and this is thread id 20120.
2025-11-20 06:17:05,733 - ERROR - Error disconnecting from mft_data.db: SQLite objects created in a thread can only be used in that same thread. The object was created in thread id 1468 and this is thread id 20120.
2025-11-20 06:17:05,733 - ERROR - Error disconnecting from usn_data.db: SQLite objects created in a thread can only be used in that same thread. The object was created in thread id 1468 and this is thread id 20120.
2025-11-20 06:17:05,733 - ERROR - Error disconnecting from prefetch_data.db: SQLite objects created in a thread can only be used in that same thread. The object was created in thread id 1468 and this is thread id 20120.
2025-11-20 06:17:05,733 - ERROR - Error disconnecting from amcache_data.db: SQLite objects created in a thread can only be used in that same thread. The object was created in thread id 1468 and this is thread id 20120.
2025-11-20 06:17:05,733 - ERROR - Error disconnecting from shimcache_data.db: SQLite objects created in a thread can only be used in that same thread. The object was created in thread id 1468 and this is thread id 20120.
2025-11-20 06:17:05,733 - ERROR - Error disconnecting from lnk_data.db: SQLite objects created in a thread can only be used in that same thread. The object was created in thread id 1468 and this is thread id 20120.
2025-11-20 06:17:05,733 - ERROR - Error disconnecting from jumplist_data.db: SQLite objects created in a thread can only be used in that same thread. The object was created in thread id 1468 and this is thread id 20120.
2025-11-20 06:17:05,733 - ERROR - Error disconnecting from eventlog_data.db: SQLite objects created in a thread can only be used in that same thread. The object was created in thread id 1468 and this is thread id 20120.
2025-11-20 06:17:05,733 - ERROR - Error disconnecting from shellbags_data.db: SQLite objects created in a thread can only be used in that same thread. The object was created in thread id 1468 and this is thread id 20120.
2025-11-20 06:17:05,733 - ERROR - Error disconnecting from userassist_data.db: SQLite objects created in a thread can only be used in that same thread. The object was created in thread id 1468 and this is thread id 20120.
2025-11-20 06:17:05,733 - ERROR - Error disconnecting from muicache_data.db: SQLite objects created in a thread can only be used in that same thread. The object was created in thread id 1468 and this is thread id 20120.
2025-11-20 06:17:05,733 - ERROR - Error disconnecting from bam_dam_data.db: SQLite objects created in a thread can only be used in that same thread. The object was created in thread id 1468 and this is thread id 20120.
2025-11-20 06:17:05,733 - ERROR - Error disconnecting from recyclebin_data.db: SQLite objects created in a thread can only be used in that same thread. The object was created in thread id 1468 and this is thread id 20120.
2025-11-20 06:17:05,733 - ERROR - Error disconnecting from srum_data.db: SQLite objects created in a thread can only be used in that same thread. The object was created in thread id 1468 and this is thread id 20120.
2025-11-20 06:17:14,016 - ERROR - Error in _on_search_complete: 
Traceback (most recent call last):
  File "C:\Users\Ghass\Downloads\Crow-Eye-main\Crow-Eye-main\ui\database_search_dialog.py", line 3032, in _on_search_complete
MemoryError
2025-11-20 06:17:14,072 - ERROR - Search error: Error processing results: 
2025-11-20 06:20:25,246 - ERROR - Error disconnecting from registry_data.db: SQLite objects created in a thread can only be used in that same thread. The object was created in thread id 1468 and this is thread id 10040.
2025-11-20 06:20:25,246 - ERROR - Error disconnecting from mft_data.db: SQLite objects created in a thread can only be used in that same thread. The object was created in thread id 1468 and this is thread id 10040.
2025-11-20 06:20:25,246 - ERROR - Error disconnecting from usn_data.db: SQLite objects created in a thread can only be used in that same thread. The object was created in thread id 1468 and this is thread id 10040.
2025-11-20 06:20:25,246 - ERROR - Error disconnecting from prefetch_data.db: SQLite objects created in a thread can only be used in that same thread. The object was created in thread id 1468 and this is thread id 10040.
2025-11-20 06:20:25,246 - ERROR - Error disconnecting from amcache_data.db: SQLite objects created in a thread can only be used in that same thread. The object was created in thread id 1468 and this is thread id 10040.
2025-11-20 06:20:25,246 - ERROR - Error disconnecting from shimcache_data.db: SQLite objects created in a thread can only be used in that same thread. The object was created in thread id 1468 and this is thread id 10040.
2025-11-20 06:20:25,246 - ERROR - Error disconnecting from lnk_data.db: SQLite objects created in a thread can only be used in that same thread. The object was created in thread id 1468 and this is thread id 10040.
2025-11-20 06:20:25,246 - ERROR - Error disconnecting from jumplist_data.db: SQLite objects created in a thread can only be used in that same thread. The object was created in thread id 1468 and this is thread id 10040.
2025-11-20 06:20:25,246 - ERROR - Error disconnecting from eventlog_data.db: SQLite objects created in a thread can only be used in that same thread. The object was created in thread id 1468 and this is thread id 10040.
2025-11-20 06:20:25,246 - ERROR - Error disconnecting from shellbags_data.db: SQLite objects created in a thread can only be used in that same thread. The object was created in thread id 1468 and this is thread id 10040.
2025-11-20 06:20:25,246 - ERROR - Error disconnecting from userassist_data.db: SQLite objects created in a thread can only be used in that same thread. The object was created in thread id 1468 and this is thread id 10040.
2025-11-20 06:20:25,246 - ERROR - Error disconnecting from muicache_data.db: SQLite objects created in a thread can only be used in that same thread. The object was created in thread id 1468 and this is thread id 10040.
2025-11-20 06:20:25,246 - ERROR - Error disconnecting from bam_dam_data.db: SQLite objects created in a thread can only be used in that same thread. The object was created in thread id 1468 and this is thread id 10040.
2025-11-20 06:20:25,246 - ERROR - Error disconnecting from recyclebin_data.db: SQLite objects created in a thread can only be used in that same thread. The object was created in thread id 1468 and this is thread id 10040.
2025-11-20 06:20:25,246 - ERROR - Error disconnecting from srum_data.db: SQLite objects created in a thread can only be used in that same thread. The object was created in thread id 1468 and this is thread id 10040.
2025-11-20 06:20:32,385 - ERROR - Error in _on_search_complete: 
Traceback (most recent call last):
  File "C:\Users\Ghass\Downloads\Crow-Eye-main\Crow-Eye-main\ui\database_search_dialog.py", line 3041, in _on_search_complete
    flat_results.append(converted_result)
MemoryError
2025-11-20 06:20:32,462 - ERROR - Search error: Error processing results: 
2025-11-20 06:34:24,428 - ERROR - Error disconnecting from registry_data.db: SQLite objects created in a thread can only be used in that same thread. The object was created in thread id 16584 and this is thread id 1908.
2025-11-20 06:34:24,433 - ERROR - Error disconnecting from mft_data.db: SQLite objects created in a thread can only be used in that same thread. The object was created in thread id 16584 and this is thread id 1908.
2025-11-20 06:34:24,433 - ERROR - Error disconnecting from usn_data.db: SQLite objects created in a thread can only be used in that same thread. The object was created in thread id 16584 and this is thread id 1908.
2025-11-20 06:34:24,433 - ERROR - Error disconnecting from prefetch_data.db: SQLite objects created in a thread can only be used in that same thread. The object was created in thread id 16584 and this is thread id 1908.
2025-11-20 06:34:24,433 - ERROR - Error disconnecting from amcache_data.db: SQLite objects created in a thread can only be used in that same thread. The object was created in thread id 16584 and this is thread id 1908.
2025-11-20 06:34:24,435 - ERROR - Error disconnecting from shimcache_data.db: SQLite objects created in a thread can only be used in that same thread. The object was created in thread id 16584 and this is thread id 1908.
2025-11-20 06:34:24,435 - ERROR - Error disconnecting from lnk_data.db: SQLite objects created in a thread can only be used in that same thread. The object was created in thread id 16584 and this is thread id 1908.
2025-11-20 06:34:24,435 - ERROR - Error disconnecting from jumplist_data.db: SQLite objects created in a thread can only be used in that same thread. The object was created in thread id 16584 and this is thread id 1908.
2025-11-20 06:34:24,435 - ERROR - Error disconnecting from eventlog_data.db: SQLite objects created in a thread can only be used in that same thread. The object was created in thread id 16584 and this is thread id 1908.
2025-11-20 06:34:24,435 - ERROR - Error disconnecting from shellbags_data.db: SQLite objects created in a thread can only be used in that same thread. The object was created in thread id 16584 and this is thread id 1908.
2025-11-20 06:34:24,435 - ERROR - Error disconnecting from userassist_data.db: SQLite objects created in a thread can only be used in that same thread. The object was created in thread id 16584 and this is thread id 1908.
2025-11-20 06:34:24,435 - ERROR - Error disconnecting from muicache_data.db: SQLite objects created in a thread can only be used in that same thread. The object was created in thread id 16584 and this is thread id 1908.
2025-11-20 06:34:24,435 - ERROR - Error disconnecting from bam_dam_data.db: SQLite objects created in a thread can only be used in that same thread. The object was created in thread id 16584 and this is thread id 1908.
2025-11-20 06:34:24,435 - ERROR - Error disconnecting from recyclebin_data.db: SQLite objects created in a thread can only be used in that same thread. The object was created in thread id 16584 and this is thread id 1908.
2025-11-20 06:34:24,435 - ERROR - Error disconnecting from srum_data.db: SQLite objects created in a thread can only be used in that same thread. The object was created in thread id 16584 and this is thread id 1908.
2025-11-20 10:50:32,492 - ERROR - Error disconnecting from registry_data.db: SQLite objects created in a thread can only be used in that same thread. The object was created in thread id 4948 and this is thread id 13488.
2025-11-20 10:50:32,497 - ERROR - Error disconnecting from mft_data.db: SQLite objects created in a thread can only be used in that same thread. The object was created in thread id 4948 and this is thread id 13488.
2025-11-20 10:50:32,497 - ERROR - Error disconnecting from usn_data.db: SQLite objects created in a thread can only be used in that same thread. The object was created in thread id 4948 and this is thread id 13488.
2025-11-20 10:50:32,497 - ERROR - Error disconnecting from prefetch_data.db: SQLite objects created in a thread can only be used in that same thread. The object was created in thread id 4948 and this is thread id 13488.
2025-11-20 10:50:32,497 - ERROR - Error disconnecting from amcache_data.db: SQLite objects created in a thread can only be used in that same thread. The object was created in thread id 4948 and this is thread id 13488.
2025-11-20 10:50:32,497 - ERROR - Error disconnecting from shimcache_data.db: SQLite objects created in a thread can only be used in that same thread. The object was created in thread id 4948 and this is thread id 13488.
2025-11-20 10:50:32,497 - ERROR - Error disconnecting from lnk_data.db: SQLite objects created in a thread can only be used in that same thread. The object was created in thread id 4948 and this is thread id 13488.
2025-11-20 10:50:32,497 - ERROR - Error disconnecting from jumplist_data.db: SQLite objects created in a thread can only be used in that same thread. The object was created in thread id 4948 and this is thread id 13488.
2025-11-20 10:50:32,497 - ERROR - Error disconnecting from eventlog_data.db: SQLite objects created in a thread can only be used in that same thread. The object was created in thread id 4948 and this is thread id 13488.
2025-11-20 10:50:32,497 - ERROR - Error disconnecting from shellbags_data.db: SQLite objects created in a thread can only be used in that same thread. The object was created in thread id 4948 and this is thread id 13488.
2025-11-20 10:50:32,497 - ERROR - Error disconnecting from userassist_data.db: SQLite objects created in a thread can only be used in that same thread. The object was created in thread id 4948 and this is thread id 13488.
2025-11-20 10:50:32,497 - ERROR - Error disconnecting from muicache_data.db: SQLite objects created in a thread can only be used in that same thread. The object was created in thread id 4948 and this is thread id 13488.
2025-11-20 10:50:32,499 - ERROR - Error disconnecting from bam_dam_data.db: SQLite objects created in a thread can only be used in that same thread. The object was created in thread id 4948 and this is thread id 13488.
2025-11-20 10:50:32,499 - ERROR - Error disconnecting from recyclebin_data.db: SQLite objects created in a thread can only be used in that same thread. The object was created in thread id 4948 and this is thread id 13488.
2025-11-20 10:50:32,499 - ERROR - Error disconnecting from srum_data.db: SQLite objects created in a thread can only be used in that same thread. The object was created in thread id 4948 and this is thread id 13488.
2025-11-20 10:51:17,290 - ERROR - Error disconnecting from registry_data.db: SQLite objects created in a thread can only be used in that same thread. The object was created in thread id 13488 and this is thread id 15136.
2025-11-20 10:51:17,290 - ERROR - Error disconnecting from mft_data.db: SQLite objects created in a thread can only be used in that same thread. The object was created in thread id 13488 and this is thread id 15136.
2025-11-20 10:51:17,290 - ERROR - Error disconnecting from usn_data.db: SQLite objects created in a thread can only be used in that same thread. The object was created in thread id 13488 and this is thread id 15136.
2025-11-20 10:51:17,290 - ERROR - Error disconnecting from prefetch_data.db: SQLite objects created in a thread can only be used in that same thread. The object was created in thread id 13488 and this is thread id 15136.
2025-11-20 10:51:17,290 - ERROR - Error disconnecting from amcache_data.db: SQLite objects created in a thread can only be used in that same thread. The object was created in thread id 13488 and this is thread id 15136.
2025-11-20 10:51:17,290 - ERROR - Error disconnecting from shimcache_data.db: SQLite objects created in a thread can only be used in that same thread. The object was created in thread id 13488 and this is thread id 15136.
2025-11-20 10:51:17,290 - ERROR - Error disconnecting from lnk_data.db: SQLite objects created in a thread can only be used in that same thread. The object was created in thread id 13488 and this is thread id 15136.
2025-11-20 10:51:17,290 - ERROR - Error disconnecting from jumplist_data.db: SQLite objects created in a thread can only be used in that same thread. The object was created in thread id 13488 and this is thread id 15136.
2025-11-20 10:51:17,290 - ERROR - Error disconnecting from eventlog_data.db: SQLite objects created in a thread can only be used in that same thread. The object was created in thread id 13488 and this is thread id 15136.
2025-11-20 10:51:17,291 - ERROR - Error disconnecting from shellbags_data.db: SQLite objects created in a thread can only be used in that same thread. The object was created in thread id 13488 and this is thread id 15136.
2025-11-20 10:51:17,291 - ERROR - Error disconnecting from userassist_data.db: SQLite objects created in a thread can only be used in that same thread. The object was created in thread id 13488 and this is thread id 15136.
2025-11-20 10:51:17,291 - ERROR - Error disconnecting from muicache_data.db: SQLite objects created in a thread can only be used in that same thread. The object was created in thread id 13488 and this is thread id 15136.
2025-11-20 10:51:17,291 - ERROR - Error disconnecting from bam_dam_data.db: SQLite objects created in a thread can only be used in that same thread. The object was created in thread id 13488 and this is thread id 15136.
2025-11-20 10:51:17,291 - ERROR - Error disconnecting from recyclebin_data.db: SQLite objects created in a thread can only be used in that same thread. The object was created in thread id 13488 and this is thread id 15136.
2025-11-20 10:51:17,291 - ERROR - Error disconnecting from srum_data.db: SQLite objects created in a thread can only be used in that same thread. The object was created in thread id 13488 and this is thread id 15136.
2025-11-20 10:56:23,554 - ERROR - Error disconnecting from registry_data.db: SQLite objects created in a thread can only be used in that same thread. The object was created in thread id 17712 and this is thread id 15052.
2025-11-20 10:56:23,556 - ERROR - Error disconnecting from mft_data.db: SQLite objects created in a thread can only be used in that same thread. The object was created in thread id 17712 and this is thread id 15052.
2025-11-20 10:56:23,556 - ERROR - Error disconnecting from usn_data.db: SQLite objects created in a thread can only be used in that same thread. The object was created in thread id 17712 and this is thread id 15052.
2025-11-20 10:56:23,556 - ERROR - Error disconnecting from prefetch_data.db: SQLite objects created in a thread can only be used in that same thread. The object was created in thread id 17712 and this is thread id 15052.
2025-11-20 10:56:23,556 - ERROR - Error disconnecting from amcache_data.db: SQLite objects created in a thread can only be used in that same thread. The object was created in thread id 17712 and this is thread id 15052.
2025-11-20 10:56:23,556 - ERROR - Error disconnecting from shimcache_data.db: SQLite objects created in a thread can only be used in that same thread. The object was created in thread id 17712 and this is thread id 15052.
2025-11-20 10:56:23,556 - ERROR - Error disconnecting from lnk_data.db: SQLite objects created in a thread can only be used in that same thread. The object was created in thread id 17712 and this is thread id 15052.
2025-11-20 10:56:23,556 - ERROR - Error disconnecting from jumplist_data.db: SQLite objects created in a thread can only be used in that same thread. The object was created in thread id 17712 and this is thread id 15052.
2025-11-20 10:56:23,556 - ERROR - Error disconnecting from eventlog_data.db: SQLite objects created in a thread can only be used in that same thread. The object was created in thread id 17712 and this is thread id 15052.
2025-11-20 10:56:23,556 - ERROR - Error disconnecting from shellbags_data.db: SQLite objects created in a thread can only be used in that same thread. The object was created in thread id 17712 and this is thread id 15052.
2025-11-20 10:56:23,556 - ERROR - Error disconnecting from userassist_data.db: SQLite objects created in a thread can only be used in that same thread. The object was created in thread id 17712 and this is thread id 15052.
2025-11-20 10:56:23,556 - ERROR - Error disconnecting from muicache_data.db: SQLite objects created in a thread can only be used in that same thread. The object was created in thread id 17712 and this is thread id 15052.
2025-11-20 10:56:23,556 - ERROR - Error disconnecting from bam_dam_data.db: SQLite objects created in a thread can only be used in that same thread. The object was created in thread id 17712 and this is thread id 15052.
2025-11-20 10:56:23,556 - ERROR - Error disconnecting from recyclebin_data.db: SQLite objects created in a thread can only be used in that same thread. The object was created in thread id 17712 and this is thread id 15052.
2025-11-20 10:56:23,556 - ERROR - Error disconnecting from srum_data.db: SQLite objects created in a thread can only be used in that same thread. The object was created in thread id 17712 and this is thread id 15052.
2025-11-20 10:57:00,832 - ERROR - Error disconnecting from registry_data.db: SQLite objects created in a thread can only be used in that same thread. The object was created in thread id 15052 and this is thread id 8060.
2025-11-20 10:57:00,832 - ERROR - Error disconnecting from mft_data.db: SQLite objects created in a thread can only be used in that same thread. The object was created in thread id 15052 and this is thread id 8060.
2025-11-20 10:57:00,832 - ERROR - Error disconnecting from usn_data.db: SQLite objects created in a thread can only be used in that same thread. The object was created in thread id 15052 and this is thread id 8060.
2025-11-20 10:57:00,832 - ERROR - Error disconnecting from prefetch_data.db: SQLite objects created in a thread can only be used in that same thread. The object was created in thread id 15052 and this is thread id 8060.
2025-11-20 10:57:00,832 - ERROR - Error disconnecting from amcache_data.db: SQLite objects created in a thread can only be used in that same thread. The object was created in thread id 15052 and this is thread id 8060.
2025-11-20 10:57:00,832 - ERROR - Error disconnecting from shimcache_data.db: SQLite objects created in a thread can only be used in that same thread. The object was created in thread id 15052 and this is thread id 8060.
2025-11-20 10:57:00,832 - ERROR - Error disconnecting from lnk_data.db: SQLite objects created in a thread can only be used in that same thread. The object was created in thread id 15052 and this is thread id 8060.
2025-11-20 10:57:00,832 - ERROR - Error disconnecting from jumplist_data.db: SQLite objects created in a thread can only be used in that same thread. The object was created in thread id 15052 and this is thread id 8060.
2025-11-20 10:57:00,832 - ERROR - Error disconnecting from eventlog_data.db: SQLite objects created in a thread can only be used in that same thread. The object was created in thread id 15052 and this is thread id 8060.
2025-11-20 10:57:00,832 - ERROR - Error disconnecting from shellbags_data.db: SQLite objects created in a thread can only be used in that same thread. The object was created in thread id 15052 and this is thread id 8060.
2025-11-20 10:57:00,832 - ERROR - Error disconnecting from userassist_data.db: SQLite objects created in a thread can only be used in that same thread. The object was created in thread id 15052 and this is thread id 8060.
2025-11-20 10:57:00,834 - ERROR - Error disconnecting from muicache_data.db: SQLite objects created in a thread can only be used in that same thread. The object was created in thread id 15052 and this is thread id 8060.
2025-11-20 10:57:00,834 - ERROR - Error disconnecting from bam_dam_data.db: SQLite objects created in a thread can only be used in that same thread. The object was created in thread id 15052 and this is thread id 8060.
2025-11-20 10:57:00,834 - ERROR - Error disconnecting from recyclebin_data.db: SQLite objects created in a thread can only be used in that same thread. The object was created in thread id 15052 and this is thread id 8060.
2025-11-20 10:57:00,834 - ERROR - Error disconnecting from srum_data.db: SQLite objects created in a thread can only be used in that same thread. The object was created in thread id 15052 and this is thread id 8060.
